<?xml version="1.0" encoding="UTF-8"?>
<!-- Generated by org.testng.reporters.JUnitReportReporter -->
<testsuite hostname="LAPTOP-RO5NS03S" name="BDDGroupIID.BDDArtifactID.TestRunnerTestNG" tests="1" failures="0" timestamp="7 May 2017 16:50:18 GMT" time="0.438" errors="0">
  <testcase name="run_cukes" time="0.438" classname="BDDGroupIID.BDDArtifactID.TestRunnerTestNG"/>
</testsuite> <!-- BDDGroupIID.BDDArtifactID.TestRunnerTestNG -->
