<?xml version="1.0" encoding="UTF-8"?>
<!-- Generated by org.testng.reporters.JUnitReportReporter -->
<testsuite skipped="0" hostname="LAPTOP-22M8L1EG" name="testNG.NewTest" tests="4" failures="0" timestamp="19 Jun 2017 02:03:13 GMT" time="0.031" errors="0">
  <testcase name="sub" time="0.004" classname="testNG.NewTest"/>
  <testcase name="sub" time="0.002" classname="testNG.NewTest"/>
  <testcase name="add" time="0.006" classname="testNG.NewTest"/>
  <testcase name="add" time="0.019" classname="testNG.NewTest"/>
</testsuite> <!-- testNG.NewTest -->
