<?xml version="1.0" encoding="UTF-8"?>
<!-- Generated by org.testng.reporters.JUnitReportReporter -->
<testsuite hostname="LAPTOP-RO5NS03S" name="BDDGroupIID.BDDArtifactID.TestRunnerTestNG" tests="1" failures="0" timestamp="1 Jun 2017 21:44:19 GMT" time="0.414" errors="0">
  <testcase name="run_cukes" time="0.414" classname="BDDGroupIID.BDDArtifactID.TestRunnerTestNG"/>
</testsuite> <!-- BDDGroupIID.BDDArtifactID.TestRunnerTestNG -->
