<?xml version="1.0" encoding="UTF-8"?>
<!-- Generated by org.testng.reporters.JUnitReportReporter -->
<testsuite name="testNG.TestNGDataDrivenExcel" tests="1" time="0.000" ignored="0" failures="0" timestamp="11 Dec 2016 02:09:34 GMT" skipped="1" hostname="LAPTOP-RO5NS03S" errors="0">
  <testcase name="f" time="0.000" classname="testNG.TestNGDataDrivenExcel">
    <skipped/>
  </testcase> <!-- f -->
</testsuite> <!-- testNG.TestNGDataDrivenExcel -->
