<?xml version="1.0" encoding="UTF-8"?>
<!-- Generated by org.testng.reporters.JUnitReportReporter -->
<testsuite name="testNG.TestNGAnnotations" tests="8" time="0.028" ignored="1" failures="0" timestamp="06 May 2017 00:10:15 GMT" skipped="0" hostname="LAPTOP-RO5NS03S" errors="0">
  <testcase name="correctCredencials" time="0.005" classname="testNG.TestNGAnnotations"/>
  <testcase name="correctCredencials" time="0.002" classname="testNG.TestNGAnnotations"/>
  <testcase name="checkRegistrationPage" time="0.006" classname="testNG.TestNGAnnotations"/>
  <testcase name="correctCredencials" time="0.003" classname="testNG.TestNGAnnotations"/>
  <testcase name="correctCredencials" time="0.002" classname="testNG.TestNGAnnotations"/>
  <testcase name="correctCredencials" time="0.002" classname="testNG.TestNGAnnotations"/>
  <testcase name="correctCredencials" time="0.003" classname="testNG.TestNGAnnotations"/>
  <testcase name="wrongCredencials" time="0.005" classname="testNG.TestNGAnnotations"/>
  <testcase name="loginLogoutTestWtihCorrectCredencials" classname="testNG.loginLogoutDataDriveTesintUsingTestNG">
    <skipped/>
  </testcase> <!-- loginLogoutTestWtihCorrectCredencials -->
</testsuite> <!-- testNG.TestNGAnnotations -->
