<?xml version="1.0" encoding="UTF-8"?>
<!-- Generated by org.testng.reporters.JUnitReportReporter -->
<testsuite name="testNG.RegistrationToBackendIntegerationTestUsingTestNG" tests="1" time="0.239" ignored="0" failures="0" timestamp="06 May 2017 00:09:21 GMT" skipped="0" hostname="LAPTOP-RO5NS03S" errors="0">
  <testcase name="chekcRegistrationPageIsWorkingWithBackend" time="0.239" classname="testNG.RegistrationToBackendIntegerationTestUsingTestNG"/>
</testsuite> <!-- testNG.RegistrationToBackendIntegerationTestUsingTestNG -->
