<?xml version="1.0" encoding="UTF-8"?>
<!-- Generated by org.testng.reporters.JUnitReportReporter -->
<testsuite name="seleniumMidLevel.CheckRegestraionPageWithBackendDatabaseUsingTestNG" tests="1" time="0.225" ignored="0" failures="0" timestamp="30 Apr 2017 14:34:00 GMT" skipped="0" hostname="LAPTOP-RO5NS03S" errors="0">
  <testcase name="chekcRegistrationPageIsWorkingWithBackend" time="0.225" classname="seleniumMidLevel.CheckRegestraionPageWithBackendDatabaseUsingTestNG"/>
</testsuite> <!-- seleniumMidLevel.CheckRegestraionPageWithBackendDatabaseUsingTestNG -->
