<?xml version="1.0" encoding="UTF-8"?>
<!-- Generated by org.testng.reporters.JUnitReportReporter -->
<testsuite name="seleniumMidLevel.TestNGAnnotations" tests="8" time="0.028" ignored="1" failures="0" timestamp="28 Apr 2017 00:47:10 GMT" skipped="0" hostname="LAPTOP-RO5NS03S" errors="0">
  <testcase name="correctCredencials" time="0.002" classname="seleniumMidLevel.TestNGAnnotations"/>
  <testcase name="correctCredencials" time="0.004" classname="seleniumMidLevel.TestNGAnnotations"/>
  <testcase name="checkRegistrationPage" time="0.006" classname="seleniumMidLevel.TestNGAnnotations"/>
  <testcase name="correctCredencials" time="0.003" classname="seleniumMidLevel.TestNGAnnotations"/>
  <testcase name="correctCredencials" time="0.002" classname="seleniumMidLevel.TestNGAnnotations"/>
  <testcase name="correctCredencials" time="0.005" classname="seleniumMidLevel.TestNGAnnotations"/>
  <testcase name="correctCredencials" time="0.003" classname="seleniumMidLevel.TestNGAnnotations"/>
  <testcase name="wrongCredencials" time="0.003" classname="seleniumMidLevel.TestNGAnnotations"/>
  <testcase name="loginLogoutTestWtihCorrectCredencials" classname="seleniumMidLevel.loginLogoutDataDriveTesintUsingTestNG">
    <skipped/>
  </testcase> <!-- loginLogoutTestWtihCorrectCredencials -->
</testsuite> <!-- seleniumMidLevel.TestNGAnnotations -->
