<?xml version="1.0" encoding="UTF-8"?>
<!-- Generated by org.testng.reporters.JUnitReportReporter -->
<testsuite name="seleniumMidLevel.LoginTest" tests="8" time="0.036" ignored="0" failures="0" timestamp="27 Apr 2017 23:15:59 GMT" skipped="0" hostname="LAPTOP-RO5NS03S" errors="0">
  <testcase name="correctCredencials" time="0.003" classname="seleniumMidLevel.LoginTest"/>
  <testcase name="checkRegistrationPage" time="0.006" classname="seleniumMidLevel.LoginTest"/>
  <testcase name="correctCredencials" time="0.006" classname="seleniumMidLevel.LoginTest"/>
  <testcase name="correctCredencials" time="0.006" classname="seleniumMidLevel.LoginTest"/>
  <testcase name="wrongCredencials" time="0.003" classname="seleniumMidLevel.LoginTest"/>
  <testcase name="correctCredencials" time="0.005" classname="seleniumMidLevel.LoginTest"/>
  <testcase name="correctCredencials" time="0.003" classname="seleniumMidLevel.LoginTest"/>
  <testcase name="correctCredencials" time="0.004" classname="seleniumMidLevel.LoginTest"/>
</testsuite> <!-- seleniumMidLevel.LoginTest -->
